<?xml version="1.0" encoding="UTF-8"?>
<!-- Generated by org.testng.reporters.JUnitReportReporter -->
<testsuite hostname="jaishankars-air" failures="0" tests="4" name="pom.qa.tests.Edit_Lead_Test" time="45.418" errors="0" timestamp="14 Jan 2019 16:57:49 GMT" skipped="0">
  <testcase classname="pom.qa.tests.Edit_Lead_Test" name="createLeads" time="11.087"/>
  <testcase classname="pom.qa.tests.Edit_Lead_Test" name="createLeads" time="12.167"/>
  <testcase classname="pom.qa.tests.Edit_Lead_Test" name="createLeads" time="11.028"/>
  <testcase classname="pom.qa.tests.Edit_Lead_Test" name="createLeads" time="11.136"/>
</testsuite> <!-- pom.qa.tests.Edit_Lead_Test -->
