<?xml version="1.0" encoding="UTF-8"?>
<!-- Generated by org.testng.reporters.JUnitReportReporter -->
<testsuite hostname="jaishankars-air" failures="0" tests="1" name="pom.qa.tests.Login_Test" time="3.415" errors="0" timestamp="14 Jan 2019 16:57:49 GMT" skipped="0">
  <testcase classname="pom.qa.tests.Login_Test" name="Verify_Login" time="3.415"/>
</testsuite> <!-- pom.qa.tests.Login_Test -->
