<?xml version="1.0" encoding="UTF-8"?>
<!-- Generated by org.testng.reporters.JUnitReportReporter -->
<testsuite hostname="jaishankars-air" failures="0" tests="4" name="pom.qa.tests.CreateLead_Test" time="41.734" errors="0" timestamp="14 Jan 2019 16:57:49 GMT" skipped="0">
  <testcase classname="pom.qa.tests.CreateLead_Test" name="createLeads" time="11.758"/>
  <testcase classname="pom.qa.tests.CreateLead_Test" name="createLeads" time="10.224"/>
  <testcase classname="pom.qa.tests.CreateLead_Test" name="createLeads" time="10.033"/>
  <testcase classname="pom.qa.tests.CreateLead_Test" name="createLeads" time="9.719"/>
</testsuite> <!-- pom.qa.tests.CreateLead_Test -->
