<?xml version="1.0" encoding="UTF-8"?>
<!-- Generated by org.testng.reporters.JUnitReportReporter -->
<testsuite hostname="jaishankars-air" failures="0" tests="4" name="pom.qa.tests.Delete_Lead_Test" time="44.505" errors="0" timestamp="14 Jan 2019 16:57:49 GMT" skipped="0">
  <testcase classname="pom.qa.tests.Delete_Lead_Test" name="deleteLeads" time="10.519"/>
  <testcase classname="pom.qa.tests.Delete_Lead_Test" name="deleteLeads" time="11.590"/>
  <testcase classname="pom.qa.tests.Delete_Lead_Test" name="deleteLeads" time="11.265"/>
  <testcase classname="pom.qa.tests.Delete_Lead_Test" name="deleteLeads" time="11.131"/>
</testsuite> <!-- pom.qa.tests.Delete_Lead_Test -->
