<?xml version="1.0" encoding="UTF-8"?>
<!-- Generated by org.testng.reporters.JUnitReportReporter -->
<testsuite hostname="jaishankars-air" failures="0" tests="1" name="pom.qa.tests.LoginTest" time="3.788" errors="0" timestamp="10 Jan 2019 00:40:19 GMT" skipped="0">
  <testcase classname="pom.qa.tests.LoginTest" name="Verify_Login" time="3.788"/>
</testsuite> <!-- pom.qa.tests.LoginTest -->
