<?xml version="1.0" encoding="UTF-8"?>
<!-- Generated by org.testng.reporters.JUnitReportReporter -->
<testsuite hostname="jaishankars-air" failures="0" tests="1" name="pom.qa.tests.HomePage2_Test" time="5.989" errors="0" timestamp="14 Jan 2019 16:57:49 GMT" skipped="0">
  <testcase classname="pom.qa.tests.HomePage2_Test" name="verifyLeadsBtn" time="5.989"/>
</testsuite> <!-- pom.qa.tests.HomePage2_Test -->
