<?xml version="1.0" encoding="UTF-8"?>
<!-- Generated by org.testng.reporters.JUnitReportReporter -->
<testsuite hostname="jaishankars-air" failures="0" tests="2" name="pom.qa.tests.Merge_Lead_Test" time="28.766" errors="0" timestamp="14 Jan 2019 12:58:51 GMT" skipped="0">
  <testcase classname="pom.qa.tests.Merge_Lead_Test" name="mergeLeads" time="14.315"/>
  <testcase classname="pom.qa.tests.Merge_Lead_Test" name="mergeLeads" time="14.451"/>
</testsuite> <!-- pom.qa.tests.Merge_Lead_Test -->
