<?xml version="1.0" encoding="UTF-8"?>
<!-- Generated by org.testng.reporters.JUnitReportReporter -->
<testsuite hostname="jaishankars-air" failures="0" tests="3" name="pom.qa.tests.HomePage1_Test" time="17.403" errors="0" timestamp="14 Jan 2019 16:57:49 GMT" skipped="0">
  <testcase classname="pom.qa.tests.HomePage1_Test" name="verify_Logout" time="3.499"/>
  <testcase classname="pom.qa.tests.HomePage1_Test" name="verify_CRM_click" time="5.653"/>
  <testcase classname="pom.qa.tests.HomePage1_Test" name="verify_CRM_Link" time="8.251"/>
</testsuite> <!-- pom.qa.tests.HomePage1_Test -->
